<?xml version="1.0" encoding="UTF-8"?>
<testsuite xmlns:xsi="http://www.w3.org/2001/XMLSchema-instance" xsi:noNamespaceSchemaLocation="https://maven.apache.org/surefire/maven-surefire-plugin/xsd/surefire-test-report.xsd" name="TestSuite" time="223.657" tests="2" errors="0" skipped="0" failures="1">
  <properties>
    <property name="sun.desktop" value="windows"/>
    <property name="awt.toolkit" value="sun.awt.windows.WToolkit"/>
    <property name="file.encoding.pkg" value="sun.io"/>
    <property name="java.specification.version" value="1.8"/>
    <property name="sun.cpu.isalist" value="amd64"/>
    <property name="sun.jnu.encoding" value="Cp1252"/>
    <property name="java.class.path" value="D:\Workspaces\Pega_Ui_Automation_BDD-master\target\test-classes;D:\Workspaces\Pega_Ui_Automation_BDD-master\target\classes;D:\Users\Hackathon\.m2\repository\org\seleniumhq\selenium\selenium-java\3.5.3\selenium-java-3.5.3.jar;D:\Users\Hackathon\.m2\repository\org\seleniumhq\selenium\selenium-api\3.5.3\selenium-api-3.5.3.jar;D:\Users\Hackathon\.m2\repository\org\seleniumhq\selenium\selenium-edge-driver\3.5.3\selenium-edge-driver-3.5.3.jar;D:\Users\Hackathon\.m2\repository\org\seleniumhq\selenium\selenium-firefox-driver\3.5.3\selenium-firefox-driver-3.5.3.jar;D:\Users\Hackathon\.m2\repository\org\seleniumhq\selenium\selenium-ie-driver\3.5.3\selenium-ie-driver-3.5.3.jar;D:\Users\Hackathon\.m2\repository\org\seleniumhq\selenium\selenium-opera-driver\3.5.3\selenium-opera-driver-3.5.3.jar;D:\Users\Hackathon\.m2\repository\org\seleniumhq\selenium\selenium-remote-driver\3.5.3\selenium-remote-driver-3.5.3.jar;D:\Users\Hackathon\.m2\repository\org\seleniumhq\selenium\selenium-safari-driver\3.5.3\selenium-safari-driver-3.5.3.jar;D:\Users\Hackathon\.m2\repository\org\seleniumhq\selenium\selenium-support\3.5.3\selenium-support-3.5.3.jar;D:\Users\Hackathon\.m2\repository\cglib\cglib-nodep\3.2.4\cglib-nodep-3.2.4.jar;D:\Users\Hackathon\.m2\repository\org\apache\commons\commons-exec\1.3\commons-exec-1.3.jar;D:\Users\Hackathon\.m2\repository\org\apache\commons\commons-lang3\3.5\commons-lang3-3.5.jar;D:\Users\Hackathon\.m2\repository\commons-codec\commons-codec\1.10\commons-codec-1.10.jar;D:\Users\Hackathon\.m2\repository\commons-io\commons-io\2.5\commons-io-2.5.jar;D:\Users\Hackathon\.m2\repository\commons-logging\commons-logging\1.2\commons-logging-1.2.jar;D:\Users\Hackathon\.m2\repository\org\w3c\css\sac\1.3\sac-1.3.jar;D:\Users\Hackathon\.m2\repository\net\sourceforge\cssparser\cssparser\0.9.23\cssparser-0.9.23.jar;D:\Users\Hackathon\.m2\repository\com\google\code\gson\gson\2.8.0\gson-2.8.0.jar;D:\Users\Hackathon\.m2\repository\com\google\guava\guava\23.0\guava-23.0.jar;D:\Users\Hackathon\.m2\repository\com\google\code\findbugs\jsr305\1.3.9\jsr305-1.3.9.jar;D:\Users\Hackathon\.m2\repository\com\google\errorprone\error_prone_annotations\2.0.18\error_prone_annotations-2.0.18.jar;D:\Users\Hackathon\.m2\repository\com\google\j2objc\j2objc-annotations\1.1\j2objc-annotations-1.1.jar;D:\Users\Hackathon\.m2\repository\org\codehaus\mojo\animal-sniffer-annotations\1.14\animal-sniffer-annotations-1.14.jar;D:\Users\Hackathon\.m2\repository\org\hamcrest\hamcrest-core\1.3\hamcrest-core-1.3.jar;D:\Users\Hackathon\.m2\repository\net\sourceforge\htmlunit\htmlunit\2.27\htmlunit-2.27.jar;D:\Users\Hackathon\.m2\repository\net\sourceforge\htmlunit\htmlunit-core-js\2.27\htmlunit-core-js-2.27.jar;D:\Users\Hackathon\.m2\repository\net\sourceforge\htmlunit\neko-htmlunit\2.27\neko-htmlunit-2.27.jar;D:\Users\Hackathon\.m2\repository\org\apache\httpcomponents\httpclient\4.5.3\httpclient-4.5.3.jar;D:\Users\Hackathon\.m2\repository\org\apache\httpcomponents\httpcore\4.4.6\httpcore-4.4.6.jar;D:\Users\Hackathon\.m2\repository\org\apache\httpcomponents\httpmime\4.5.3\httpmime-4.5.3.jar;D:\Users\Hackathon\.m2\repository\org\eclipse\jetty\jetty-client\9.4.5.v20170502\jetty-client-9.4.5.v20170502.jar;D:\Users\Hackathon\.m2\repository\org\eclipse\jetty\jetty-http\9.4.5.v20170502\jetty-http-9.4.5.v20170502.jar;D:\Users\Hackathon\.m2\repository\org\eclipse\jetty\jetty-io\9.4.5.v20170502\jetty-io-9.4.5.v20170502.jar;D:\Users\Hackathon\.m2\repository\org\eclipse\jetty\jetty-util\9.4.5.v20170502\jetty-util-9.4.5.v20170502.jar;D:\Users\Hackathon\.m2\repository\net\java\dev\jna\jna\4.1.0\jna-4.1.0.jar;D:\Users\Hackathon\.m2\repository\net\java\dev\jna\jna-platform\4.1.0\jna-platform-4.1.0.jar;D:\Users\Hackathon\.m2\repository\junit\junit\4.12\junit-4.12.jar;D:\Users\Hackathon\.m2\repository\com\codeborne\phantomjsdriver\1.4.0\phantomjsdriver-1.4.0.jar;D:\Users\Hackathon\.m2\repository\org\seleniumhq\selenium\htmlunit-driver\2.27\htmlunit-driver-2.27.jar;D:\Users\Hackathon\.m2\repository\javax\servlet\javax.servlet-api\3.1.0\javax.servlet-api-3.1.0.jar;D:\Users\Hackathon\.m2\repository\org\eclipse\jetty\websocket\websocket-api\9.4.5.v20170502\websocket-api-9.4.5.v20170502.jar;D:\Users\Hackathon\.m2\repository\org\eclipse\jetty\websocket\websocket-client\9.4.5.v20170502\websocket-client-9.4.5.v20170502.jar;D:\Users\Hackathon\.m2\repository\org\eclipse\jetty\websocket\websocket-common\9.4.5.v20170502\websocket-common-9.4.5.v20170502.jar;D:\Users\Hackathon\.m2\repository\xalan\serializer\2.7.2\serializer-2.7.2.jar;D:\Users\Hackathon\.m2\repository\xalan\xalan\2.7.2\xalan-2.7.2.jar;D:\Users\Hackathon\.m2\repository\xerces\xercesImpl\2.11.0\xercesImpl-2.11.0.jar;D:\Users\Hackathon\.m2\repository\xml-apis\xml-apis\1.4.01\xml-apis-1.4.01.jar;D:\Users\Hackathon\.m2\repository\org\testng\testng\6.13.1\testng-6.13.1.jar;D:\Users\Hackathon\.m2\repository\com\beust\jcommander\1.72\jcommander-1.72.jar;D:\Users\Hackathon\.m2\repository\org\seleniumhq\selenium\selenium-chrome-driver\3.8.1\selenium-chrome-driver-3.8.1.jar;D:\Users\Hackathon\.m2\repository\net\bytebuddy\byte-buddy\1.7.5\byte-buddy-1.7.5.jar;D:\Users\Hackathon\.m2\repository\log4j\log4j\1.2.17\log4j-1.2.17.jar;D:\Users\Hackathon\.m2\repository\com\relevantcodes\extentreports\2.41.2\extentreports-2.41.2.jar;D:\Users\Hackathon\.m2\repository\org\jsoup\jsoup\1.8.3\jsoup-1.8.3.jar;D:\Users\Hackathon\.m2\repository\org\xerial\sqlite-jdbc\3.8.11.1\sqlite-jdbc-3.8.11.1.jar;D:\Users\Hackathon\.m2\repository\org\freemarker\freemarker\2.3.23\freemarker-2.3.23.jar;D:\Users\Hackathon\.m2\repository\org\mongodb\mongodb-driver\3.0.4\mongodb-driver-3.0.4.jar;D:\Users\Hackathon\.m2\repository\org\mongodb\bson\3.0.4\bson-3.0.4.jar;D:\Users\Hackathon\.m2\repository\org\mongodb\mongodb-driver-core\3.0.4\mongodb-driver-core-3.0.4.jar;D:\Users\Hackathon\.m2\repository\org\apache\poi\poi\3.16-beta2\poi-3.16-beta2.jar;D:\Users\Hackathon\.m2\repository\org\apache\commons\commons-collections4\4.1\commons-collections4-4.1.jar;D:\Users\Hackathon\.m2\repository\org\apache\poi\poi-ooxml\3.9\poi-ooxml-3.9.jar;D:\Users\Hackathon\.m2\repository\dom4j\dom4j\1.6.1\dom4j-1.6.1.jar;D:\Users\Hackathon\.m2\repository\org\apache\poi\poi-ooxml-schemas\3.9\poi-ooxml-schemas-3.9.jar;D:\Users\Hackathon\.m2\repository\org\apache\xmlbeans\xmlbeans\2.3.0\xmlbeans-2.3.0.jar;D:\Users\Hackathon\.m2\repository\stax\stax-api\1.0.1\stax-api-1.0.1.jar;D:\Users\Hackathon\.m2\repository\org\apache\poi\poi-scratchpad\3.9\poi-scratchpad-3.9.jar;D:\Users\Hackathon\.m2\repository\org\apache\poi\ooxml-schemas\1.1\ooxml-schemas-1.1.jar;D:\Users\Hackathon\.m2\repository\info\cukes\cucumber-java\1.2.5\cucumber-java-1.2.5.jar;D:\Users\Hackathon\.m2\repository\info\cukes\cucumber-core\1.2.5\cucumber-core-1.2.5.jar;D:\Users\Hackathon\.m2\repository\info\cukes\cucumber-html\0.2.3\cucumber-html-0.2.3.jar;D:\Users\Hackathon\.m2\repository\info\cukes\cucumber-jvm-deps\1.0.5\cucumber-jvm-deps-1.0.5.jar;D:\Users\Hackathon\.m2\repository\net\masterthought\cucumber-reporting\1.0.0\cucumber-reporting-1.0.0.jar;D:\Users\Hackathon\.m2\repository\org\apache\velocity\velocity\1.7\velocity-1.7.jar;D:\Users\Hackathon\.m2\repository\commons-collections\commons-collections\3.2.1\commons-collections-3.2.1.jar;D:\Users\Hackathon\.m2\repository\commons-lang\commons-lang\2.4\commons-lang-2.4.jar;D:\Users\Hackathon\.m2\repository\velocity-tools\velocity-tools\1.4\velocity-tools-1.4.jar;D:\Users\Hackathon\.m2\repository\joda-time\joda-time\2.9.1\joda-time-2.9.1.jar;D:\Users\Hackathon\.m2\repository\net\lingala\zip4j\zip4j\1.3.2\zip4j-1.3.2.jar;D:\Users\Hackathon\.m2\repository\org\apache\maven\plugins\maven-gpg-plugin\1.6\maven-gpg-plugin-1.6.jar;D:\Users\Hackathon\.m2\repository\org\apache\maven\maven-plugin-api\2.2.1\maven-plugin-api-2.2.1.jar;D:\Users\Hackathon\.m2\repository\org\apache\maven\maven-project\2.2.1\maven-project-2.2.1.jar;D:\Users\Hackathon\.m2\repository\org\apache\maven\maven-settings\2.2.1\maven-settings-2.2.1.jar;D:\Users\Hackathon\.m2\repository\org\apache\maven\maven-profile\2.2.1\maven-profile-2.2.1.jar;D:\Users\Hackathon\.m2\repository\org\apache\maven\maven-artifact-manager\2.2.1\maven-artifact-manager-2.2.1.jar;D:\Users\Hackathon\.m2\repository\org\apache\maven\wagon\wagon-provider-api\1.0-beta-6\wagon-provider-api-1.0-beta-6.jar;D:\Users\Hackathon\.m2\repository\backport-util-concurrent\backport-util-concurrent\3.1\backport-util-concurrent-3.1.jar;D:\Users\Hackathon\.m2\repository\org\apache\maven\maven-plugin-registry\2.2.1\maven-plugin-registry-2.2.1.jar;D:\Users\Hackathon\.m2\repository\org\codehaus\plexus\plexus-interpolation\1.11\plexus-interpolation-1.11.jar;D:\Users\Hackathon\.m2\repository\org\codehaus\plexus\plexus-container-default\1.0-alpha-9-stable-1\plexus-container-default-1.0-alpha-9-stable-1.jar;D:\Users\Hackathon\.m2\repository\classworlds\classworlds\1.1-alpha-2\classworlds-1.1-alpha-2.jar;D:\Users\Hackathon\.m2\repository\org\apache\maven\maven-artifact\2.2.1\maven-artifact-2.2.1.jar;D:\Users\Hackathon\.m2\repository\org\apache\maven\maven-repository-metadata\2.2.1\maven-repository-metadata-2.2.1.jar;D:\Users\Hackathon\.m2\repository\org\apache\maven\maven-model\2.2.1\maven-model-2.2.1.jar;D:\Users\Hackathon\.m2\repository\org\codehaus\plexus\plexus-utils\3.0.20\plexus-utils-3.0.20.jar;D:\Users\Hackathon\.m2\repository\org\sonatype\plexus\plexus-sec-dispatcher\1.4\plexus-sec-dispatcher-1.4.jar;D:\Users\Hackathon\.m2\repository\org\sonatype\plexus\plexus-cipher\1.4\plexus-cipher-1.4.jar;D:\Users\Hackathon\.m2\repository\info\cukes\gherkin\2.12.2\gherkin-2.12.2.jar;D:\Users\Hackathon\.m2\repository\org\mockito\mockito-all\2.0.2-beta\mockito-all-2.0.2-beta.jar;D:\Users\Hackathon\.m2\repository\info\cukes\cucumber-picocontainer\1.1.8\cucumber-picocontainer-1.1.8.jar;D:\Users\Hackathon\.m2\repository\org\picocontainer\picocontainer\2.14.3\picocontainer-2.14.3.jar;D:\Users\Hackathon\.m2\repository\com\vimalselvam\cucumber-extentsreport\3.0.2\cucumber-extentsreport-3.0.2.jar;D:\Users\Hackathon\.m2\repository\com\aventstack\extentreports\3.1.2\extentreports-3.1.2.jar;D:\Users\Hackathon\.m2\repository\info\cukes\cucumber-testng\1.2.5\cucumber-testng-1.2.5.jar;D:\Users\Hackathon\.m2\repository\org\apache\maven\surefire\surefire-testng-utils\2.20.1\surefire-testng-utils-2.20.1.jar;D:\Users\Hackathon\.m2\repository\org\apache\maven\surefire\surefire-grouper\2.20.1\surefire-grouper-2.20.1.jar;"/>
    <property name="java.vm.vendor" value="Oracle Corporation"/>
    <property name="sun.arch.data.model" value="64"/>
    <property name="user.variant" value=""/>
    <property name="java.vendor.url" value="http://java.oracle.com/"/>
    <property name="user.timezone" value=""/>
    <property name="java.vm.specification.version" value="1.8"/>
    <property name="os.name" value="Windows 10"/>
    <property name="user.country" value="IN"/>
    <property name="sun.java.launcher" value="SUN_STANDARD"/>
    <property name="sun.boot.library.path" value="D:\Program Files\Java\jdk1.8.0_171\jre\bin"/>
    <property name="sun.java.command" value="D:\Users\Hackathon\AppData\Local\Temp\surefire4233112651016075682\surefirebooter4535282270264392364.jar D:\Users\Hackathon\AppData\Local\Temp\surefire4233112651016075682 2018-05-23T17-36-33_303-jvmRun1 surefire7044866758819993210tmp surefire_02535502137825295838tmp"/>
    <property name="surefire.test.class.path" value="D:\Workspaces\Pega_Ui_Automation_BDD-master\target\test-classes;D:\Workspaces\Pega_Ui_Automation_BDD-master\target\classes;D:\Users\Hackathon\.m2\repository\org\seleniumhq\selenium\selenium-java\3.5.3\selenium-java-3.5.3.jar;D:\Users\Hackathon\.m2\repository\org\seleniumhq\selenium\selenium-api\3.5.3\selenium-api-3.5.3.jar;D:\Users\Hackathon\.m2\repository\org\seleniumhq\selenium\selenium-edge-driver\3.5.3\selenium-edge-driver-3.5.3.jar;D:\Users\Hackathon\.m2\repository\org\seleniumhq\selenium\selenium-firefox-driver\3.5.3\selenium-firefox-driver-3.5.3.jar;D:\Users\Hackathon\.m2\repository\org\seleniumhq\selenium\selenium-ie-driver\3.5.3\selenium-ie-driver-3.5.3.jar;D:\Users\Hackathon\.m2\repository\org\seleniumhq\selenium\selenium-opera-driver\3.5.3\selenium-opera-driver-3.5.3.jar;D:\Users\Hackathon\.m2\repository\org\seleniumhq\selenium\selenium-remote-driver\3.5.3\selenium-remote-driver-3.5.3.jar;D:\Users\Hackathon\.m2\repository\org\seleniumhq\selenium\selenium-safari-driver\3.5.3\selenium-safari-driver-3.5.3.jar;D:\Users\Hackathon\.m2\repository\org\seleniumhq\selenium\selenium-support\3.5.3\selenium-support-3.5.3.jar;D:\Users\Hackathon\.m2\repository\cglib\cglib-nodep\3.2.4\cglib-nodep-3.2.4.jar;D:\Users\Hackathon\.m2\repository\org\apache\commons\commons-exec\1.3\commons-exec-1.3.jar;D:\Users\Hackathon\.m2\repository\org\apache\commons\commons-lang3\3.5\commons-lang3-3.5.jar;D:\Users\Hackathon\.m2\repository\commons-codec\commons-codec\1.10\commons-codec-1.10.jar;D:\Users\Hackathon\.m2\repository\commons-io\commons-io\2.5\commons-io-2.5.jar;D:\Users\Hackathon\.m2\repository\commons-logging\commons-logging\1.2\commons-logging-1.2.jar;D:\Users\Hackathon\.m2\repository\org\w3c\css\sac\1.3\sac-1.3.jar;D:\Users\Hackathon\.m2\repository\net\sourceforge\cssparser\cssparser\0.9.23\cssparser-0.9.23.jar;D:\Users\Hackathon\.m2\repository\com\google\code\gson\gson\2.8.0\gson-2.8.0.jar;D:\Users\Hackathon\.m2\repository\com\google\guava\guava\23.0\guava-23.0.jar;D:\Users\Hackathon\.m2\repository\com\google\code\findbugs\jsr305\1.3.9\jsr305-1.3.9.jar;D:\Users\Hackathon\.m2\repository\com\google\errorprone\error_prone_annotations\2.0.18\error_prone_annotations-2.0.18.jar;D:\Users\Hackathon\.m2\repository\com\google\j2objc\j2objc-annotations\1.1\j2objc-annotations-1.1.jar;D:\Users\Hackathon\.m2\repository\org\codehaus\mojo\animal-sniffer-annotations\1.14\animal-sniffer-annotations-1.14.jar;D:\Users\Hackathon\.m2\repository\org\hamcrest\hamcrest-core\1.3\hamcrest-core-1.3.jar;D:\Users\Hackathon\.m2\repository\net\sourceforge\htmlunit\htmlunit\2.27\htmlunit-2.27.jar;D:\Users\Hackathon\.m2\repository\net\sourceforge\htmlunit\htmlunit-core-js\2.27\htmlunit-core-js-2.27.jar;D:\Users\Hackathon\.m2\repository\net\sourceforge\htmlunit\neko-htmlunit\2.27\neko-htmlunit-2.27.jar;D:\Users\Hackathon\.m2\repository\org\apache\httpcomponents\httpclient\4.5.3\httpclient-4.5.3.jar;D:\Users\Hackathon\.m2\repository\org\apache\httpcomponents\httpcore\4.4.6\httpcore-4.4.6.jar;D:\Users\Hackathon\.m2\repository\org\apache\httpcomponents\httpmime\4.5.3\httpmime-4.5.3.jar;D:\Users\Hackathon\.m2\repository\org\eclipse\jetty\jetty-client\9.4.5.v20170502\jetty-client-9.4.5.v20170502.jar;D:\Users\Hackathon\.m2\repository\org\eclipse\jetty\jetty-http\9.4.5.v20170502\jetty-http-9.4.5.v20170502.jar;D:\Users\Hackathon\.m2\repository\org\eclipse\jetty\jetty-io\9.4.5.v20170502\jetty-io-9.4.5.v20170502.jar;D:\Users\Hackathon\.m2\repository\org\eclipse\jetty\jetty-util\9.4.5.v20170502\jetty-util-9.4.5.v20170502.jar;D:\Users\Hackathon\.m2\repository\net\java\dev\jna\jna\4.1.0\jna-4.1.0.jar;D:\Users\Hackathon\.m2\repository\net\java\dev\jna\jna-platform\4.1.0\jna-platform-4.1.0.jar;D:\Users\Hackathon\.m2\repository\junit\junit\4.12\junit-4.12.jar;D:\Users\Hackathon\.m2\repository\com\codeborne\phantomjsdriver\1.4.0\phantomjsdriver-1.4.0.jar;D:\Users\Hackathon\.m2\repository\org\seleniumhq\selenium\htmlunit-driver\2.27\htmlunit-driver-2.27.jar;D:\Users\Hackathon\.m2\repository\javax\servlet\javax.servlet-api\3.1.0\javax.servlet-api-3.1.0.jar;D:\Users\Hackathon\.m2\repository\org\eclipse\jetty\websocket\websocket-api\9.4.5.v20170502\websocket-api-9.4.5.v20170502.jar;D:\Users\Hackathon\.m2\repository\org\eclipse\jetty\websocket\websocket-client\9.4.5.v20170502\websocket-client-9.4.5.v20170502.jar;D:\Users\Hackathon\.m2\repository\org\eclipse\jetty\websocket\websocket-common\9.4.5.v20170502\websocket-common-9.4.5.v20170502.jar;D:\Users\Hackathon\.m2\repository\xalan\serializer\2.7.2\serializer-2.7.2.jar;D:\Users\Hackathon\.m2\repository\xalan\xalan\2.7.2\xalan-2.7.2.jar;D:\Users\Hackathon\.m2\repository\xerces\xercesImpl\2.11.0\xercesImpl-2.11.0.jar;D:\Users\Hackathon\.m2\repository\xml-apis\xml-apis\1.4.01\xml-apis-1.4.01.jar;D:\Users\Hackathon\.m2\repository\org\testng\testng\6.13.1\testng-6.13.1.jar;D:\Users\Hackathon\.m2\repository\com\beust\jcommander\1.72\jcommander-1.72.jar;D:\Users\Hackathon\.m2\repository\org\seleniumhq\selenium\selenium-chrome-driver\3.8.1\selenium-chrome-driver-3.8.1.jar;D:\Users\Hackathon\.m2\repository\net\bytebuddy\byte-buddy\1.7.5\byte-buddy-1.7.5.jar;D:\Users\Hackathon\.m2\repository\log4j\log4j\1.2.17\log4j-1.2.17.jar;D:\Users\Hackathon\.m2\repository\com\relevantcodes\extentreports\2.41.2\extentreports-2.41.2.jar;D:\Users\Hackathon\.m2\repository\org\jsoup\jsoup\1.8.3\jsoup-1.8.3.jar;D:\Users\Hackathon\.m2\repository\org\xerial\sqlite-jdbc\3.8.11.1\sqlite-jdbc-3.8.11.1.jar;D:\Users\Hackathon\.m2\repository\org\freemarker\freemarker\2.3.23\freemarker-2.3.23.jar;D:\Users\Hackathon\.m2\repository\org\mongodb\mongodb-driver\3.0.4\mongodb-driver-3.0.4.jar;D:\Users\Hackathon\.m2\repository\org\mongodb\bson\3.0.4\bson-3.0.4.jar;D:\Users\Hackathon\.m2\repository\org\mongodb\mongodb-driver-core\3.0.4\mongodb-driver-core-3.0.4.jar;D:\Users\Hackathon\.m2\repository\org\apache\poi\poi\3.16-beta2\poi-3.16-beta2.jar;D:\Users\Hackathon\.m2\repository\org\apache\commons\commons-collections4\4.1\commons-collections4-4.1.jar;D:\Users\Hackathon\.m2\repository\org\apache\poi\poi-ooxml\3.9\poi-ooxml-3.9.jar;D:\Users\Hackathon\.m2\repository\dom4j\dom4j\1.6.1\dom4j-1.6.1.jar;D:\Users\Hackathon\.m2\repository\org\apache\poi\poi-ooxml-schemas\3.9\poi-ooxml-schemas-3.9.jar;D:\Users\Hackathon\.m2\repository\org\apache\xmlbeans\xmlbeans\2.3.0\xmlbeans-2.3.0.jar;D:\Users\Hackathon\.m2\repository\stax\stax-api\1.0.1\stax-api-1.0.1.jar;D:\Users\Hackathon\.m2\repository\org\apache\poi\poi-scratchpad\3.9\poi-scratchpad-3.9.jar;D:\Users\Hackathon\.m2\repository\org\apache\poi\ooxml-schemas\1.1\ooxml-schemas-1.1.jar;D:\Users\Hackathon\.m2\repository\info\cukes\cucumber-java\1.2.5\cucumber-java-1.2.5.jar;D:\Users\Hackathon\.m2\repository\info\cukes\cucumber-core\1.2.5\cucumber-core-1.2.5.jar;D:\Users\Hackathon\.m2\repository\info\cukes\cucumber-html\0.2.3\cucumber-html-0.2.3.jar;D:\Users\Hackathon\.m2\repository\info\cukes\cucumber-jvm-deps\1.0.5\cucumber-jvm-deps-1.0.5.jar;D:\Users\Hackathon\.m2\repository\net\masterthought\cucumber-reporting\1.0.0\cucumber-reporting-1.0.0.jar;D:\Users\Hackathon\.m2\repository\org\apache\velocity\velocity\1.7\velocity-1.7.jar;D:\Users\Hackathon\.m2\repository\commons-collections\commons-collections\3.2.1\commons-collections-3.2.1.jar;D:\Users\Hackathon\.m2\repository\commons-lang\commons-lang\2.4\commons-lang-2.4.jar;D:\Users\Hackathon\.m2\repository\velocity-tools\velocity-tools\1.4\velocity-tools-1.4.jar;D:\Users\Hackathon\.m2\repository\joda-time\joda-time\2.9.1\joda-time-2.9.1.jar;D:\Users\Hackathon\.m2\repository\net\lingala\zip4j\zip4j\1.3.2\zip4j-1.3.2.jar;D:\Users\Hackathon\.m2\repository\org\apache\maven\plugins\maven-gpg-plugin\1.6\maven-gpg-plugin-1.6.jar;D:\Users\Hackathon\.m2\repository\org\apache\maven\maven-plugin-api\2.2.1\maven-plugin-api-2.2.1.jar;D:\Users\Hackathon\.m2\repository\org\apache\maven\maven-project\2.2.1\maven-project-2.2.1.jar;D:\Users\Hackathon\.m2\repository\org\apache\maven\maven-settings\2.2.1\maven-settings-2.2.1.jar;D:\Users\Hackathon\.m2\repository\org\apache\maven\maven-profile\2.2.1\maven-profile-2.2.1.jar;D:\Users\Hackathon\.m2\repository\org\apache\maven\maven-artifact-manager\2.2.1\maven-artifact-manager-2.2.1.jar;D:\Users\Hackathon\.m2\repository\org\apache\maven\wagon\wagon-provider-api\1.0-beta-6\wagon-provider-api-1.0-beta-6.jar;D:\Users\Hackathon\.m2\repository\backport-util-concurrent\backport-util-concurrent\3.1\backport-util-concurrent-3.1.jar;D:\Users\Hackathon\.m2\repository\org\apache\maven\maven-plugin-registry\2.2.1\maven-plugin-registry-2.2.1.jar;D:\Users\Hackathon\.m2\repository\org\codehaus\plexus\plexus-interpolation\1.11\plexus-interpolation-1.11.jar;D:\Users\Hackathon\.m2\repository\org\codehaus\plexus\plexus-container-default\1.0-alpha-9-stable-1\plexus-container-default-1.0-alpha-9-stable-1.jar;D:\Users\Hackathon\.m2\repository\classworlds\classworlds\1.1-alpha-2\classworlds-1.1-alpha-2.jar;D:\Users\Hackathon\.m2\repository\org\apache\maven\maven-artifact\2.2.1\maven-artifact-2.2.1.jar;D:\Users\Hackathon\.m2\repository\org\apache\maven\maven-repository-metadata\2.2.1\maven-repository-metadata-2.2.1.jar;D:\Users\Hackathon\.m2\repository\org\apache\maven\maven-model\2.2.1\maven-model-2.2.1.jar;D:\Users\Hackathon\.m2\repository\org\codehaus\plexus\plexus-utils\3.0.20\plexus-utils-3.0.20.jar;D:\Users\Hackathon\.m2\repository\org\sonatype\plexus\plexus-sec-dispatcher\1.4\plexus-sec-dispatcher-1.4.jar;D:\Users\Hackathon\.m2\repository\org\sonatype\plexus\plexus-cipher\1.4\plexus-cipher-1.4.jar;D:\Users\Hackathon\.m2\repository\info\cukes\gherkin\2.12.2\gherkin-2.12.2.jar;D:\Users\Hackathon\.m2\repository\org\mockito\mockito-all\2.0.2-beta\mockito-all-2.0.2-beta.jar;D:\Users\Hackathon\.m2\repository\info\cukes\cucumber-picocontainer\1.1.8\cucumber-picocontainer-1.1.8.jar;D:\Users\Hackathon\.m2\repository\org\picocontainer\picocontainer\2.14.3\picocontainer-2.14.3.jar;D:\Users\Hackathon\.m2\repository\com\vimalselvam\cucumber-extentsreport\3.0.2\cucumber-extentsreport-3.0.2.jar;D:\Users\Hackathon\.m2\repository\com\aventstack\extentreports\3.1.2\extentreports-3.1.2.jar;D:\Users\Hackathon\.m2\repository\info\cukes\cucumber-testng\1.2.5\cucumber-testng-1.2.5.jar;D:\Users\Hackathon\.m2\repository\org\apache\maven\surefire\surefire-testng-utils\2.20.1\surefire-testng-utils-2.20.1.jar;D:\Users\Hackathon\.m2\repository\org\apache\maven\surefire\surefire-grouper\2.20.1\surefire-grouper-2.20.1.jar;"/>
    <property name="sun.cpu.endian" value="little"/>
    <property name="user.home" value="D:\Users\Hackathon"/>
    <property name="user.language" value="en"/>
    <property name="java.specification.vendor" value="Oracle Corporation"/>
    <property name="java.home" value="D:\Program Files\Java\jdk1.8.0_171\jre"/>
    <property name="basedir" value="D:\Workspaces\Pega_Ui_Automation_BDD-master"/>
    <property name="file.separator" value="\"/>
    <property name="line.separator" value="&#10;"/>
    <property name="java.vm.specification.vendor" value="Oracle Corporation"/>
    <property name="java.specification.name" value="Java Platform API Specification"/>
    <property name="java.awt.graphicsenv" value="sun.awt.Win32GraphicsEnvironment"/>
    <property name="surefire.real.class.path" value="D:\Users\Hackathon\AppData\Local\Temp\surefire4233112651016075682\surefirebooter4535282270264392364.jar"/>
    <property name="sun.boot.class.path" value="D:\Program Files\Java\jdk1.8.0_171\jre\lib\resources.jar;D:\Program Files\Java\jdk1.8.0_171\jre\lib\rt.jar;D:\Program Files\Java\jdk1.8.0_171\jre\lib\sunrsasign.jar;D:\Program Files\Java\jdk1.8.0_171\jre\lib\jsse.jar;D:\Program Files\Java\jdk1.8.0_171\jre\lib\jce.jar;D:\Program Files\Java\jdk1.8.0_171\jre\lib\charsets.jar;D:\Program Files\Java\jdk1.8.0_171\jre\lib\jfr.jar;D:\Program Files\Java\jdk1.8.0_171\jre\classes"/>
    <property name="user.script" value=""/>
    <property name="sun.management.compiler" value="HotSpot 64-Bit Tiered Compilers"/>
    <property name="java.runtime.version" value="1.8.0_171-b11"/>
    <property name="user.name" value="Hackathon"/>
    <property name="path.separator" value=";"/>
    <property name="os.version" value="10.0"/>
    <property name="java.endorsed.dirs" value="D:\Program Files\Java\jdk1.8.0_171\jre\lib\endorsed"/>
    <property name="java.runtime.name" value="Java(TM) SE Runtime Environment"/>
    <property name="file.encoding" value="Cp1252"/>
    <property name="java.vm.name" value="Java HotSpot(TM) 64-Bit Server VM"/>
    <property name="localRepository" value="D:\Users\Hackathon\.m2\repository"/>
    <property name="java.vendor.url.bug" value="http://bugreport.sun.com/bugreport/"/>
    <property name="java.io.tmpdir" value="D:\Users\Hackathon\AppData\Local\Temp\"/>
    <property name="java.version" value="1.8.0_171"/>
    <property name="user.dir" value="D:\Workspaces\Pega_Ui_Automation_BDD-master"/>
    <property name="os.arch" value="amd64"/>
    <property name="java.vm.specification.name" value="Java Virtual Machine Specification"/>
    <property name="java.awt.printerjob" value="sun.awt.windows.WPrinterJob"/>
    <property name="sun.os.patch.level" value=""/>
    <property name="java.library.path" value="D:\Program Files\Java\jdk1.8.0_171\jre\bin;C:\WINDOWS\Sun\Java\bin;C:\WINDOWS\system32;C:\WINDOWS;D:/Program Files/Java/jre1.8.1_171/bin/server;D:/Program Files/Java/jre1.8.1_171/bin;D:/Program Files/Java/jre1.8.1_171/lib/amd64;C:\Program Files (x86)\Common Files\Oracle\Java\javapath;C:\ProgramData\Oracle\Java\javapath;D:\Program Files\Java\jdk1.8.0_171\bin;C:\WINDOWS\system32;C:\WINDOWS;C:\WINDOWS\System32\Wbem;C:\WINDOWS\System32\WindowsPowerShell\v1.0\;C:\Windows\CCM;C:\Program Files\Git\cmd;C:\Program Files\nodejs\;C:\Program Files\TortoiseGit\bin;C:\Program Files\MySQL\MySQL Utilities 1.6\;C:\Program Files\PuTTY\;D:\apache-maven-3.5.2-bin\apache-maven-3.5.2\bin;C:\Program Files\dotnet\;C:\Program Files\Microsoft SQL Server\130\Tools\Binn\;D:\Softwares\apache-maven-3.5.3\bin;D:\Program Files\Java\jdk1.8.0_171\bin;D:\Users\Hackathon\AppData\Local\Microsoft\WindowsApps;D:\Users\Hackathon\AppData\Roaming\npm;C:\Program Files (x86)\Microsoft VS Code\bin;;D:\Softwares\eclipse-jee-oxygen\eclipse;;."/>
    <property name="java.vm.info" value="mixed mode"/>
    <property name="java.vendor" value="Oracle Corporation"/>
    <property name="java.vm.version" value="25.171-b11"/>
    <property name="java.ext.dirs" value="D:\Program Files\Java\jdk1.8.0_171\jre\lib\ext;C:\WINDOWS\Sun\Java\lib\ext"/>
    <property name="sun.io.unicode.encoding" value="UnicodeLittle"/>
    <property name="java.class.version" value="52.0"/>
  </properties>
  <testcase name="feature" classname="com.pega.qa.testRunner.TestRunner" time="221.359">
    <failure message="org.openqa.selenium.NoSuchElementException: no such element: Unable to locate element: {&quot;method&quot;:&quot;xpath&quot;,&quot;selector&quot;:&quot;//ul[@id=&apos;nav-mobile&apos;]/li&quot;}&#10;  (Session info: chrome=66.0.3359.181)&#10;  (Driver info: chromedriver=2.38.552522 (437e6fbedfa8762dec75e2c5b3ddb86763dc9dcb),platform=Windows NT 10.0.15063 x86_64) (WARNING: The server did not provide any stacktrace information)&#10;Command duration or timeout: 0 milliseconds&#10;For documentation on this error, please visit: http://seleniumhq.org/exceptions/no_such_element.html&#10;Build info: version: &apos;3.5.3&apos;, revision: &apos;a88d25fe6b&apos;, time: &apos;2017-08-29T12:42:44.417Z&apos;&#10;System info: host: &apos;LP-PF01J4V4&apos;, ip: &apos;10.138.65.158&apos;, os.name: &apos;Windows 10&apos;, os.arch: &apos;amd64&apos;, os.version: &apos;10.0&apos;, java.version: &apos;1.8.0_171&apos;&#10;Driver info: org.openqa.selenium.chrome.ChromeDriver&#10;Capabilities [{mobileEmulationEnabled=false, hasTouchScreen=false, platform=XP, acceptSslCerts=false, acceptInsecureCerts=false, webStorageEnabled=true, browserName=chrome, takesScreenshot=true, javascriptEnabled=true, platformName=XP, setWindowRect=true, unexpectedAlertBehaviour=, applicationCacheEnabled=false, rotatable=false, networkConnectionEnabled=false, chrome={chromedriverVersion=2.38.552522 (437e6fbedfa8762dec75e2c5b3ddb86763dc9dcb), userDataDir=D:\Users\Hackathon\AppData\Local\Temp\scoped_dir8612_7370}, takesHeapSnapshot=true, pageLoadStrategy=normal, unhandledPromptBehavior=, databaseEnabled=false, handlesAlerts=true, version=66.0.3359.181, browserConnectionEnabled=false, nativeEvents=true, locationContextEnabled=true, cssSelectorsEnabled=true}]&#10;Session ID: 7675a17658e1852a516ad4d5a8930a45&#10;*** Element info: {Using=xpath, value=//ul[@id=&apos;nav-mobile&apos;]/li}" type="cucumber.runtime.CucumberException">cucumber.runtime.CucumberException: 
org.openqa.selenium.NoSuchElementException: no such element: Unable to locate element: {"method":"xpath","selector":"//ul[@id='nav-mobile']/li"}
  (Session info: chrome=66.0.3359.181)
  (Driver info: chromedriver=2.38.552522 (437e6fbedfa8762dec75e2c5b3ddb86763dc9dcb),platform=Windows NT 10.0.15063 x86_64) (WARNING: The server did not provide any stacktrace information)
Command duration or timeout: 0 milliseconds
For documentation on this error, please visit: http://seleniumhq.org/exceptions/no_such_element.html
Build info: version: '3.5.3', revision: 'a88d25fe6b', time: '2017-08-29T12:42:44.417Z'
System info: host: 'LP-PF01J4V4', ip: '10.138.65.158', os.name: 'Windows 10', os.arch: 'amd64', os.version: '10.0', java.version: '1.8.0_171'
Driver info: org.openqa.selenium.chrome.ChromeDriver
Capabilities [{mobileEmulationEnabled=false, hasTouchScreen=false, platform=XP, acceptSslCerts=false, acceptInsecureCerts=false, webStorageEnabled=true, browserName=chrome, takesScreenshot=true, javascriptEnabled=true, platformName=XP, setWindowRect=true, unexpectedAlertBehaviour=, applicationCacheEnabled=false, rotatable=false, networkConnectionEnabled=false, chrome={chromedriverVersion=2.38.552522 (437e6fbedfa8762dec75e2c5b3ddb86763dc9dcb), userDataDir=D:\Users\Hackathon\AppData\Local\Temp\scoped_dir8612_7370}, takesHeapSnapshot=true, pageLoadStrategy=normal, unhandledPromptBehavior=, databaseEnabled=false, handlesAlerts=true, version=66.0.3359.181, browserConnectionEnabled=false, nativeEvents=true, locationContextEnabled=true, cssSelectorsEnabled=true}]
Session ID: 7675a17658e1852a516ad4d5a8930a45
*** Element info: {Using=xpath, value=//ul[@id='nav-mobile']/li}
Caused by: org.openqa.selenium.NoSuchElementException: 
no such element: Unable to locate element: {"method":"xpath","selector":"//ul[@id='nav-mobile']/li"}
  (Session info: chrome=66.0.3359.181)
  (Driver info: chromedriver=2.38.552522 (437e6fbedfa8762dec75e2c5b3ddb86763dc9dcb),platform=Windows NT 10.0.15063 x86_64) (WARNING: The server did not provide any stacktrace information)
Command duration or timeout: 0 milliseconds
For documentation on this error, please visit: http://seleniumhq.org/exceptions/no_such_element.html
Build info: version: '3.5.3', revision: 'a88d25fe6b', time: '2017-08-29T12:42:44.417Z'
System info: host: 'LP-PF01J4V4', ip: '10.138.65.158', os.name: 'Windows 10', os.arch: 'amd64', os.version: '10.0', java.version: '1.8.0_171'
Driver info: org.openqa.selenium.chrome.ChromeDriver
Capabilities [{mobileEmulationEnabled=false, hasTouchScreen=false, platform=XP, acceptSslCerts=false, acceptInsecureCerts=false, webStorageEnabled=true, browserName=chrome, takesScreenshot=true, javascriptEnabled=true, platformName=XP, setWindowRect=true, unexpectedAlertBehaviour=, applicationCacheEnabled=false, rotatable=false, networkConnectionEnabled=false, chrome={chromedriverVersion=2.38.552522 (437e6fbedfa8762dec75e2c5b3ddb86763dc9dcb), userDataDir=D:\Users\Hackathon\AppData\Local\Temp\scoped_dir8612_7370}, takesHeapSnapshot=true, pageLoadStrategy=normal, unhandledPromptBehavior=, databaseEnabled=false, handlesAlerts=true, version=66.0.3359.181, browserConnectionEnabled=false, nativeEvents=true, locationContextEnabled=true, cssSelectorsEnabled=true}]
Session ID: 7675a17658e1852a516ad4d5a8930a45
*** Element info: {Using=xpath, value=//ul[@id='nav-mobile']/li}
</failure>
    <system-out><![CDATA[Username 1 Administrator@pega.com
current pathD:\Workspaces\Pega_Ui_Automation_BDD-master
]]></system-out>
    <system-err><![CDATA[Starting ChromeDriver 2.38.552522 (437e6fbedfa8762dec75e2c5b3ddb86763dc9dcb) on port 22750
Only local connections are allowed.
log4j:WARN No appenders could be found for logger (org.apache.http.client.protocol.RequestAddCookies).
log4j:WARN Please initialize the log4j system properly.
log4j:WARN See http://logging.apache.org/log4j/1.2/faq.html#noconfig for more info.
May 23, 2018 5:36:52 PM org.openqa.selenium.remote.ProtocolHandshake createSession
INFO: Detected dialect: OSS
Starting ChromeDriver 2.38.552522 (437e6fbedfa8762dec75e2c5b3ddb86763dc9dcb) on port 31224
Only local connections are allowed.
May 23, 2018 5:37:48 PM org.openqa.selenium.remote.ProtocolHandshake createSession
INFO: Detected dialect: OSS
Starting ChromeDriver 2.38.552522 (437e6fbedfa8762dec75e2c5b3ddb86763dc9dcb) on port 3953
Only local connections are allowed.
May 23, 2018 5:38:33 PM org.openqa.selenium.remote.ProtocolHandshake createSession
INFO: Detected dialect: OSS
Starting ChromeDriver 2.38.552522 (437e6fbedfa8762dec75e2c5b3ddb86763dc9dcb) on port 3351
Only local connections are allowed.
May 23, 2018 5:39:15 PM org.openqa.selenium.remote.ProtocolHandshake createSession
INFO: Detected dialect: OSS
Starting ChromeDriver 2.38.552522 (437e6fbedfa8762dec75e2c5b3ddb86763dc9dcb) on port 8769
Only local connections are allowed.
May 23, 2018 5:39:51 PM org.openqa.selenium.remote.ProtocolHandshake createSession
INFO: Detected dialect: OSS
]]></system-err>
  </testcase>
  <testcase name="writeExtentReport" classname="com.pega.qa.testRunner.TestRunner" time="0.03"/>
</testsuite>